<?xml version="1.0" encoding="UTF-8"?>
<!-- Generated by org.testng.reporters.JUnitXMLReporter -->
<testsuite ignored="0" hostname="LAPTOP-T68AKTGQ" failures="1" tests="2" name="Test" time="50.405" errors="0" timestamp="2024-03-30T12:01:32 IST">
  <testcase classname="qa.tests.TestCase1" name="sampleMethodForEnteringCredentials" time="6.737">
    <skipped/>
  </testcase> <!-- sampleMethodForEnteringCredentials -->
  <testcase classname="qa.tests.TestCase1" name="sampleMethodForEnteringCredentials" time="6.991">
    <failure type="java.lang.AssertionError" message="Element not found expected [true] but found [false]">
      <![CDATA[java.lang.AssertionError: Element not found expected [true] but found [false]
at pageEvents.LoginPageEvents.verifyLoginPageIsLoaded(LoginPageEvents.java:13)
at qa.tests.TestCase1.sampleMethodForEnteringCredentials(TestCase1.java:19)
at java.base/java.util.ArrayList.forEach(ArrayList.java:1511)
... Removed 30 stack frames]]>
    </failure>
  </testcase> <!-- sampleMethodForEnteringCredentials -->
</testsuite> <!-- Test -->
